# JRE version: OpenJDK Runtime Environment Temurin-17.0.11+9 (17.0.11+9) (build 17.0.11+9)
# Java VM: OpenJDK 64-Bit Server VM Temurin-17.0.11+9 (17.0.11+9, mixed mode, emulated-client, tiered, compressed oops, compressed class ptrs, g1 gc, windows-amd64)
GC Precious Log:
 CPUs: 4 total, 4 available
 Memory: 7971M
 Large Page Support: Disabled
 NUMA Support: Disabled
 Compressed Oops: Enabled (32-bit)
 Heap Region Size: 1M
 Heap Min Capacity: 8M
 Heap Initial Capacity: 126M
 Heap Max Capacity: 1G
 Pre-touch: Disabled
 Parallel Workers: 4
 Concurrent Workers: 1
 Concurrent Refinement Workers: 4
 Periodic GC: Disabled
Heap:
 garbage-first heap   total 75776K, used 24810K [0x00000000c0000000, 0x0000000100000000)
  region size 1024K, 1 young (1024K), 0 survivors (0K)
 Metaspace       used 39397K, committed 39872K, reserved 1114112K
  class space    used 5212K, committed 5440K, reserved 1048576K
GC Heap History (20 events):
Event: 9123.619 GC heap before
{Heap before GC invocations=629 (full 620):
 garbage-first heap   total 75776K, used 24810K [0x00000000c0000000, 0x0000000100000000)
  region size 1024K, 1 young (1024K), 0 survivors (0K)
 Metaspace       used 39397K, committed 39872K, reserved 1114112K
  class space    used 5212K, committed 5440K, reserved 1048576K
}
Event: 9123.645 GC heap after
{Heap after GC invocations=630 (full 621):
 garbage-first heap   total 75776K, used 24810K [0x00000000c0000000, 0x0000000100000000)
  region size 1024K, 0 young (0K), 0 survivors (0K)
 Metaspace       used 39397K, committed 39872K, reserved 1114112K
  class space    used 5212K, committed 5440K, reserved 1048576K
}
Event: 9133.824 GC heap before
{Heap before GC invocations=630 (full 621):
 garbage-first heap   total 75776K, used 24810K [0x00000000c0000000, 0x0000000100000000)
  region size 1024K, 1 young (1024K), 0 survivors (0K)
 Metaspace       used 39397K, committed 39872K, reserved 1114112K
  class space    used 5212K, committed 5440K, reserved 1048576K
}
Event: 9133.848 GC heap after
{Heap after GC invocations=631 (full 622):
 garbage-first heap   total 75776K, used 24810K [0x00000000c0000000, 0x0000000100000000)
  region size 1024K, 0 young (0K), 0 survivors (0K)
 Metaspace       used 39397K, committed 39872K, reserved 1114112K
  class space    used 5212K, committed 5440K, reserved 1048576K
}
Event: 9144.093 GC heap before
{Heap before GC invocations=631 (full 622):
 garbage-first heap   total 75776K, used 24810K [0x00000000c0000000, 0x0000000100000000)
  region size 1024K, 1 young (1024K), 0 survivors (0K)
 Metaspace       used 39397K, committed 39872K, reserved 1114112K
  class space    used 5212K, committed 5440K, reserved 1048576K
}
Event: 9144.117 GC heap after
{Heap after GC invocations=632 (full 623):
 garbage-first heap   total 75776K, used 24810K [0x00000000c0000000, 0x0000000100000000)
  region size 1024K, 0 young (0K), 0 survivors (0K)
 Metaspace       used 39397K, committed 39872K, reserved 1114112K
  class space    used 5212K, committed 5440K, reserved 1048576K
}
Event: 9154.296 GC heap before
{Heap before GC invocations=632 (full 623):
 garbage-first heap   total 75776K, used 24810K [0x00000000c0000000, 0x0000000100000000)
  region size 1024K, 1 young (1024K), 0 survivors (0K)
 Metaspace       used 39397K, committed 39872K, reserved 1114112K
  class space    used 5212K, committed 5440K, reserved 1048576K
}
Event: 9154.320 GC heap after
{Heap after GC invocations=633 (full 624):
 garbage-first heap   total 75776K, used 24810K [0x00000000c0000000, 0x0000000100000000)
  region size 1024K, 0 young (0K), 0 survivors (0K)
 Metaspace       used 39397K, committed 39872K, reserved 1114112K
  class space    used 5212K, committed 5440K, reserved 1048576K
}
Event: 9164.610 GC heap before
{Heap before GC invocations=633 (full 624):
 garbage-first heap   total 75776K, used 24810K [0x00000000c0000000, 0x0000000100000000)
  region size 1024K, 1 young (1024K), 0 survivors (0K)
 Metaspace       used 39397K, committed 39872K, reserved 1114112K
  class space    used 5212K, committed 5440K, reserved 1048576K
}
Event: 9164.635 GC heap after
{Heap after GC invocations=634 (full 625):
 garbage-first heap   total 75776K, used 24810K [0x00000000c0000000, 0x0000000100000000)
  region size 1024K, 0 young (0K), 0 survivors (0K)
 Metaspace       used 39397K, committed 39872K, reserved 1114112K
  class space    used 5212K, committed 5440K, reserved 1048576K
}
Event: 9174.813 GC heap before
{Heap before GC invocations=634 (full 625):
 garbage-first heap   total 75776K, used 24810K [0x00000000c0000000, 0x0000000100000000)
  region size 1024K, 1 young (1024K), 0 survivors (0K)
 Metaspace       used 39397K, committed 39872K, reserved 1114112K
  class space    used 5212K, committed 5440K, reserved 1048576K
}
Event: 9174.839 GC heap after
{Heap after GC invocations=635 (full 626):
 garbage-first heap   total 75776K, used 24810K [0x00000000c0000000, 0x0000000100000000)
  region size 1024K, 0 young (0K), 0 survivors (0K)
 Metaspace       used 39397K, committed 39872K, reserved 1114112K
  class space    used 5212K, committed 5440K, reserved 1048576K
}
Event: 9185.071 GC heap before
{Heap before GC invocations=635 (full 626):
 garbage-first heap   total 75776K, used 24810K [0x00000000c0000000, 0x0000000100000000)
  region size 1024K, 1 young (1024K), 0 survivors (0K)
 Metaspace       used 39397K, committed 39872K, reserved 1114112K
  class space    used 5212K, committed 5440K, reserved 1048576K
}
Event: 9185.095 GC heap after
{Heap after GC invocations=636 (full 627):
 garbage-first heap   total 75776K, used 24810K [0x00000000c0000000, 0x0000000100000000)
  region size 1024K, 0 young (0K), 0 survivors (0K)
 Metaspace       used 39397K, committed 39872K, reserved 1114112K
  class space    used 5212K, committed 5440K, reserved 1048576K
}
Event: 9196.535 GC heap before
{Heap before GC invocations=636 (full 627):
 garbage-first heap   total 75776K, used 24810K [0x00000000c0000000, 0x0000000100000000)
  region size 1024K, 1 young (1024K), 0 survivors (0K)
 Metaspace       used 39397K, committed 39872K, reserved 1114112K
  class space    used 5212K, committed 5440K, reserved 1048576K
}
Event: 9196.563 GC heap after
{Heap after GC invocations=637 (full 628):
 garbage-first heap   total 75776K, used 24810K [0x00000000c0000000, 0x0000000100000000)
  region size 1024K, 0 young (0K), 0 survivors (0K)
 Metaspace       used 39397K, committed 39872K, reserved 1114112K
  class space    used 5212K, committed 5440K, reserved 1048576K
}
Event: 9206.771 GC heap before
{Heap before GC invocations=637 (full 628):
 garbage-first heap   total 75776K, used 24810K [0x00000000c0000000, 0x0000000100000000)
  region size 1024K, 1 young (1024K), 0 survivors (0K)
 Metaspace       used 39397K, committed 39872K, reserved 1114112K
  class space    used 5212K, committed 5440K, reserved 1048576K
}
Event: 9206.797 GC heap after
{Heap after GC invocations=638 (full 629):
 garbage-first heap   total 75776K, used 24810K [0x00000000c0000000, 0x0000000100000000)
  region size 1024K, 0 young (0K), 0 survivors (0K)
 Metaspace       used 39397K, committed 39872K, reserved 1114112K
  class space    used 5212K, committed 5440K, reserved 1048576K
}
Event: 9217.050 GC heap before
{Heap before GC invocations=638 (full 629):
 garbage-first heap   total 75776K, used 24810K [0x00000000c0000000, 0x0000000100000000)
  region size 1024K, 1 young (1024K), 0 survivors (0K)
 Metaspace       used 39397K, committed 39872K, reserved 1114112K
  class space    used 5212K, committed 5440K, reserved 1048576K
}
Event: 9217.080 GC heap after
{Heap after GC invocations=639 (full 630):
 garbage-first heap   total 75776K, used 24810K [0x00000000c0000000, 0x0000000100000000)
  region size 1024K, 0 young (0K), 0 survivors (0K)
 Metaspace       used 39397K, committed 39872K, reserved 1114112K
  class space    used 5212K, committed 5440K, reserved 1048576K
}

